e:\программирование\6 семестр язык c++\task 2\debug\task 2.5.1.exe
e:\программирование\6 семестр язык c++\task 2\debug\task 2.5.1.ilk
e:\программирование\6 семестр язык c++\task 2\debug\task 2.5.1.pdb
e:\программирование\6 семестр язык c++\task 2\task 2.5.1\debug\vc142.pdb
e:\программирование\6 семестр язык c++\task 2\task 2.5.1\debug\vc142.idb
e:\программирование\6 семестр язык c++\task 2\task 2.5.1\debug\task 2.5.1.obj
e:\программирование\6 семестр язык c++\task 2\task 2.5.1\debug\stdafx.obj
e:\программирование\6 семестр язык c++\task 2\task 2.5.1\debug\test.obj
e:\программирование\6 семестр язык c++\task 2\task 2.5.1\debug\myutils.obj
e:\программирование\6 семестр язык c++\task 2\task 2.5.1\debug\myrepository.obj
e:\программирование\6 семестр язык c++\task 2\task 2.5.1\debug\myproperty.obj
e:\программирование\6 семестр язык c++\task 2\task 2.5.1\debug\mynamespace.obj
e:\программирование\6 семестр язык c++\task 2\task 2.5.1\debug\myfield.obj
e:\программирование\6 семестр язык c++\task 2\task 2.5.1\debug\myclass.obj
e:\программирование\6 семестр язык c++\task 2\task 2.5.1\debug\mymethod.obj
e:\программирование\6 семестр язык c++\task 2\task 2.5.1\debug\element.obj
e:\программирование\6 семестр язык c++\task 2\task 2.5.1\debug\container.obj
e:\программирование\6 семестр язык c++\task 2\task 2.5.1\debug\vc141.idb
e:\программирование\6 семестр язык c++\task 2\task 2.5.1\debug\vc141.pdb
e:\программирование\6 семестр язык c++\task 2\task 2.5.1\debug\task 2.5.1.tlog\cl.command.1.tlog
e:\программирование\6 семестр язык c++\task 2\task 2.5.1\debug\task 2.5.1.tlog\link.command.1.tlog
e:\программирование\6 семестр язык c++\task 2\task 2.5.1\debug\task 2.5.1.tlog\link.read.1.tlog
e:\программирование\6 семестр язык c++\task 2\task 2.5.1\debug\task 2.5.1.tlog\link.write.1.tlog
e:\программирование\6 семестр язык c++\task 2\task 2.5.1\debug\task 2.5.1.tlog\cl.write.1.tlog
e:\программирование\6 семестр язык c++\task 2\task 2.5.1\debug\task 2.5.1.tlog\cl.read.1.tlog
