  MyClass.cpp
E:\Программирование\6 семестр Язык C++\Task 2\Task 2.5.1\MyMethod.h(6): error C2504: Container: не определен базовый класс
E:\Программирование\6 семестр Язык C++\Task 2\Task 2.5.1\MyUtils.h(12): warning C4091: static : пропускается слева от "MyUtils", когда ни одна переменная не объявлена
  MyField.cpp
  MyMethod.cpp
E:\Программирование\6 семестр Язык C++\Task 2\Task 2.5.1\MyMethod.h(6): error C2504: Container: не определен базовый класс
  MyNamespace.cpp
E:\Программирование\6 семестр Язык C++\Task 2\Task 2.5.1\MyMethod.h(6): error C2504: Container: не определен базовый класс
E:\Программирование\6 семестр Язык C++\Task 2\Task 2.5.1\MyUtils.h(12): warning C4091: static : пропускается слева от "MyUtils", когда ни одна переменная не объявлена
E:\Программирование\6 семестр Язык C++\Task 2\Task 2.5.1\MyNamespace.cpp(46): error C2511: void MyNamespace::add(MyClass *): перегруженная функция-член не найдена в "MyNamespace"
  E:\Программирование\6 семестр Язык C++\Task 2\Task 2.5.1\MyNamespace.h(8): note:  см. объявление "MyNamespace"
E:\Программирование\6 семестр Язык C++\Task 2\Task 2.5.1\MyNamespace.cpp(47): error C3861: exist: идентификатор не найден
E:\Программирование\6 семестр Язык C++\Task 2\Task 2.5.1\MyNamespace.cpp(49): error C2065: myClasses: необъявленный идентификатор
E:\Программирование\6 семестр Язык C++\Task 2\Task 2.5.1\MyNamespace.cpp(50): error C2597: недопустимая ссылка на нестатический член "MyNamespace::name"
E:\Программирование\6 семестр Язык C++\Task 2\Task 2.5.1\MyNamespace.cpp(55): error C2039: deleteClass: не является членом "MyNamespace"
  E:\Программирование\6 семестр Язык C++\Task 2\Task 2.5.1\MyNamespace.h(8): note:  см. объявление "MyNamespace"
E:\Программирование\6 семестр Язык C++\Task 2\Task 2.5.1\MyNamespace.cpp(57): error C3861: findIndexByName: идентификатор не найден
E:\Программирование\6 семестр Язык C++\Task 2\Task 2.5.1\MyNamespace.cpp(61): error C3861: findClassByName: идентификатор не найден
E:\Программирование\6 семестр Язык C++\Task 2\Task 2.5.1\MyNamespace.cpp(62): error C2355: "this": может указываться только в нестатических членах-функциях или инициализаторах нестатических членов данных
E:\Программирование\6 семестр Язык C++\Task 2\Task 2.5.1\MyNamespace.cpp(70): error C2039: findIndexByName: не является членом "MyNamespace"
  E:\Программирование\6 семестр Язык C++\Task 2\Task 2.5.1\MyNamespace.h(8): note:  см. объявление "MyNamespace"
E:\Программирование\6 семестр Язык C++\Task 2\Task 2.5.1\MyNamespace.cpp(72): error C2065: myClasses: необъявленный идентификатор
E:\Программирование\6 семестр Язык C++\Task 2\Task 2.5.1\MyNamespace.cpp(75): error C2065: myClasses: необъявленный идентификатор
E:\Программирование\6 семестр Язык C++\Task 2\Task 2.5.1\MyNamespace.cpp(83): error C2039: findClassByName: не является членом "MyNamespace"
  E:\Программирование\6 семестр Язык C++\Task 2\Task 2.5.1\MyNamespace.h(8): note:  см. объявление "MyNamespace"
E:\Программирование\6 семестр Язык C++\Task 2\Task 2.5.1\MyNamespace.cpp(85): error C2065: myClasses: необъявленный идентификатор
E:\Программирование\6 семестр Язык C++\Task 2\Task 2.5.1\MyNamespace.cpp(88): error C2065: myClasses: необъявленный идентификатор
E:\Программирование\6 семестр Язык C++\Task 2\Task 2.5.1\MyNamespace.cpp(90): error C2065: myClasses: необъявленный идентификатор
E:\Программирование\6 семестр Язык C++\Task 2\Task 2.5.1\MyNamespace.cpp(96): error C2039: exist: не является членом "MyNamespace"
  E:\Программирование\6 семестр Язык C++\Task 2\Task 2.5.1\MyNamespace.h(8): note:  см. объявление "MyNamespace"
E:\Программирование\6 семестр Язык C++\Task 2\Task 2.5.1\MyNamespace.cpp(98): error C2065: myClasses: необъявленный идентификатор
E:\Программирование\6 семестр Язык C++\Task 2\Task 2.5.1\MyNamespace.cpp(101): error C2065: myClasses: необъявленный идентификатор
E:\Программирование\6 семестр Язык C++\Task 2\Task 2.5.1\MyNamespace.cpp(103): error C2065: name: необъявленный идентификатор
E:\Программирование\6 семестр Язык C++\Task 2\Task 2.5.1\MyNamespace.cpp(111): error C2039: exist: не является членом "MyNamespace"
  E:\Программирование\6 семестр Язык C++\Task 2\Task 2.5.1\MyNamespace.h(8): note:  см. объявление "MyNamespace"
E:\Программирование\6 семестр Язык C++\Task 2\Task 2.5.1\MyNamespace.cpp(113): error C2065: myClasses: необъявленный идентификатор
E:\Программирование\6 семестр Язык C++\Task 2\Task 2.5.1\MyNamespace.cpp(116): error C2065: myClasses: необъявленный идентификатор
E:\Программирование\6 семестр Язык C++\Task 2\Task 2.5.1\MyNamespace.cpp(118): error C2355: "this": может указываться только в нестатических членах-функциях или инициализаторах нестатических членов данных
E:\Программирование\6 семестр Язык C++\Task 2\Task 2.5.1\MyNamespace.cpp(126): error C2039: printer: не является членом "MyNamespace"
  E:\Программирование\6 семестр Язык C++\Task 2\Task 2.5.1\MyNamespace.h(8): note:  см. объявление "MyNamespace"
E:\Программирование\6 семестр Язык C++\Task 2\Task 2.5.1\MyNamespace.cpp(129): error C2065: myClasses: необъявленный идентификатор
E:\Программирование\6 семестр Язык C++\Task 2\Task 2.5.1\MyNamespace.cpp(139): error C2065: myClasses: необъявленный идентификатор
E:\Программирование\6 семестр Язык C++\Task 2\Task 2.5.1\MyNamespace.cpp(145): error C2511: void MyNamespace::change(std::string,MyClass *): перегруженная функция-член не найдена в "MyNamespace"
  E:\Программирование\6 семестр Язык C++\Task 2\Task 2.5.1\MyNamespace.h(8): note:  см. объявление "MyNamespace"
  MyRepository.cpp
E:\Программирование\6 семестр Язык C++\Task 2\Task 2.5.1\MyMethod.h(6): error C2504: Container: не определен базовый класс
E:\Программирование\6 семестр Язык C++\Task 2\Task 2.5.1\MyUtils.h(12): warning C4091: static : пропускается слева от "MyUtils", когда ни одна переменная не объявлена
E:\Программирование\6 семестр Язык C++\Task 2\Task 2.5.1\MyRepository.cpp(33): error C2059: синтаксическая ошибка: }
E:\Программирование\6 семестр Язык C++\Task 2\Task 2.5.1\MyRepository.cpp(34): error C2039: cout: не является членом "Element"
  E:\Программирование\6 семестр Язык C++\Task 2\Task 2.5.1\Element.h(8): note:  см. объявление "Element"
E:\Программирование\6 семестр Язык C++\Task 2\Task 2.5.1\MyRepository.cpp(34): error C2039: endl: не является членом "Element"
  E:\Программирование\6 семестр Язык C++\Task 2\Task 2.5.1\Element.h(8): note:  см. объявление "Element"
E:\Программирование\6 семестр Язык C++\Task 2\Task 2.5.1\MyRepository.cpp(37): error C2039: e: не является членом "Element"
  E:\Программирование\6 семестр Язык C++\Task 2\Task 2.5.1\Element.h(8): note:  см. объявление "Element"
E:\Программирование\6 семестр Язык C++\Task 2\Task 2.5.1\MyRepository.cpp(37): error C2275: Element: недопустимое использование этого типа в качестве выражения
E:\Программирование\6 семестр Язык C++\Task 2\Task 2.5.1\MyRepository.cpp(37): error C2761: "void MyRepository::add(Element *)": повторное объявление члена запрещено.
E:\Программирование\6 семестр Язык C++\Task 2\Task 2.5.1\MyRepository.cpp(38): error C2448: MyRepository::add: вероятно, инициализатор, использующий стиль функции, является определением функции
E:\Программирование\6 семестр Язык C++\Task 2\Task 2.5.1\MyRepository.cpp(41): error C2039: e: не является членом "Element"
  E:\Программирование\6 семестр Язык C++\Task 2\Task 2.5.1\Element.h(8): note:  см. объявление "Element"
E:\Программирование\6 семестр Язык C++\Task 2\Task 2.5.1\MyRepository.cpp(41): error C2275: Element: недопустимое использование этого типа в качестве выражения
E:\Программирование\6 семестр Язык C++\Task 2\Task 2.5.1\MyRepository.cpp(41): error C2761: "void MyRepository::remove(Element *)": повторное объявление члена запрещено.
E:\Программирование\6 семестр Язык C++\Task 2\Task 2.5.1\MyRepository.cpp(42): error C2448: MyRepository::remove: вероятно, инициализатор, использующий стиль функции, является определением функции
E:\Программирование\6 семестр Язык C++\Task 2\Task 2.5.1\MyRepository.cpp(45): error C2039: e: не является членом "Element"
  E:\Программирование\6 семестр Язык C++\Task 2\Task 2.5.1\Element.h(8): note:  см. объявление "Element"
E:\Программирование\6 семестр Язык C++\Task 2\Task 2.5.1\MyRepository.cpp(45): error C2275: Element: недопустимое использование этого типа в качестве выражения
E:\Программирование\6 семестр Язык C++\Task 2\Task 2.5.1\MyRepository.cpp(45): error C2039: string: не является членом "Element"
  E:\Программирование\6 семестр Язык C++\Task 2\Task 2.5.1\Element.h(8): note:  см. объявление "Element"
E:\Программирование\6 семестр Язык C++\Task 2\Task 2.5.1\MyRepository.cpp(45): error C2146: синтаксическая ошибка: отсутствие ")" перед идентификатором "name"
E:\Программирование\6 семестр Язык C++\Task 2\Task 2.5.1\MyRepository.cpp(46): error C2143: синтаксическая ошибка: отсутствие ";" перед "{"
E:\Программирование\6 семестр Язык C++\Task 2\Task 2.5.1\MyRepository.cpp(46): error C2447: {: отсутствует заголовок функции (возможно, используется формальный список старого типа)
E:\Программирование\6 семестр Язык C++\Task 2\Task 2.5.1\MyRepository.cpp(49): error C2143: синтаксическая ошибка: отсутствие ";" перед "*"
E:\Программирование\6 семестр Язык C++\Task 2\Task 2.5.1\MyRepository.cpp(49): error C4430: отсутствует спецификатор типа - предполагается int. Примечание. C++ не поддерживает int по умолчанию
E:\Программирование\6 семестр Язык C++\Task 2\Task 2.5.1\MyRepository.cpp(49): error C2039: string: не является членом "Element"
  E:\Программирование\6 семестр Язык C++\Task 2\Task 2.5.1\Element.h(8): note:  см. объявление "Element"
E:\Программирование\6 семестр Язык C++\Task 2\Task 2.5.1\MyRepository.cpp(49): error C2146: синтаксическая ошибка: отсутствие ")" перед идентификатором "name"
E:\Программирование\6 семестр Язык C++\Task 2\Task 2.5.1\MyRepository.cpp(50): error C2143: синтаксическая ошибка: отсутствие ";" перед "{"
E:\Программирование\6 семестр Язык C++\Task 2\Task 2.5.1\MyRepository.cpp(50): error C2447: {: отсутствует заголовок функции (возможно, используется формальный список старого типа)
E:\Программирование\6 семестр Язык C++\Task 2\Task 2.5.1\MyRepository.cpp(54): error C2039: e: не является членом "Element"
  E:\Программирование\6 семестр Язык C++\Task 2\Task 2.5.1\Element.h(8): note:  см. объявление "Element"
E:\Программирование\6 семестр Язык C++\Task 2\Task 2.5.1\MyRepository.cpp(54): error C2275: Element: недопустимое использование этого типа в качестве выражения
E:\Программирование\6 семестр Язык C++\Task 2\Task 2.5.1\MyRepository.cpp(54): error C2761: "void MyRepository::change(Element *,std::string)": повторное объявление члена запрещено.
E:\Программирование\6 семестр Язык C++\Task 2\Task 2.5.1\MyRepository.cpp(55): error C2448: MyRepository::change: вероятно, инициализатор, использующий стиль функции, является определением функции
E:\Программирование\6 семестр Язык C++\Task 2\Task 2.5.1\MyRepository.cpp(59): error C2039: MyNamespace: не является членом "Element"
  E:\Программирование\6 семестр Язык C++\Task 2\Task 2.5.1\Element.h(8): note:  см. объявление "Element"
E:\Программирование\6 семестр Язык C++\Task 2\Task 2.5.1\MyRepository.cpp(59): error C2039: myNamespace: не является членом "Element"
  E:\Программирование\6 семестр Язык C++\Task 2\Task 2.5.1\Element.h(8): note:  см. объявление "Element"
E:\Программирование\6 семестр Язык C++\Task 2\Task 2.5.1\MyRepository.cpp(59): error C2761: "void MyRepository::add(Element *)": повторное объявление члена запрещено.
E:\Программирование\6 семестр Язык C++\Task 2\Task 2.5.1\MyRepository.cpp(60): error C2448: MyRepository::add: вероятно, инициализатор, использующий стиль функции, является определением функции
E:\Программирование\6 семестр Язык C++\Task 2\Task 2.5.1\MyRepository.cpp(69): error C2039: deleteNamespace: не является членом "MyRepository"
  E:\Программирование\6 семестр Язык C++\Task 2\Task 2.5.1\MyRepository.h(7): note:  см. объявление "MyRepository"
E:\Программирование\6 семестр Язык C++\Task 2\Task 2.5.1\MyRepository.cpp(69): error C2039: string: не является членом "Element"
  E:\Программирование\6 семестр Язык C++\Task 2\Task 2.5.1\Element.h(8): note:  см. объявление "Element"
E:\Программирование\6 семестр Язык C++\Task 2\Task 2.5.1\MyRepository.cpp(69): error C2146: синтаксическая ошибка: отсутствие ")" перед идентификатором "name"
E:\Программирование\6 семестр Язык C++\Task 2\Task 2.5.1\MyRepository.cpp(70): error C2143: синтаксическая ошибка: отсутствие ";" перед "{"
E:\Программирование\6 семестр Язык C++\Task 2\Task 2.5.1\MyRepository.cpp(70): error C2447: {: отсутствует заголовок функции (возможно, используется формальный список старого типа)
E:\Программирование\6 семестр Язык C++\Task 2\Task 2.5.1\MyRepository.cpp(84): error C2039: findIndexByName: не является членом "MyRepository"
  E:\Программирование\6 семестр Язык C++\Task 2\Task 2.5.1\MyRepository.h(7): note:  см. объявление "MyRepository"
E:\Программирование\6 семестр Язык C++\Task 2\Task 2.5.1\MyRepository.cpp(84): error C2039: string: не является членом "Element"
  E:\Программирование\6 семестр Язык C++\Task 2\Task 2.5.1\Element.h(8): note:  см. объявление "Element"
E:\Программирование\6 семестр Язык C++\Task 2\Task 2.5.1\MyRepository.cpp(84): error C2146: синтаксическая ошибка: отсутствие ")" перед идентификатором "name"
E:\Программирование\6 семестр Язык C++\Task 2\Task 2.5.1\MyRepository.cpp(85): error C2143: синтаксическая ошибка: отсутствие ";" перед "{"
E:\Программирование\6 семестр Язык C++\Task 2\Task 2.5.1\MyRepository.cpp(85): error C2447: {: отсутствует заголовок функции (возможно, используется формальный список старого типа)
E:\Программирование\6 семестр Язык C++\Task 2\Task 2.5.1\MyRepository.cpp(97): error C2143: синтаксическая ошибка: отсутствие ";" перед "*"
E:\Программирование\6 семестр Язык C++\Task 2\Task 2.5.1\MyRepository.cpp(97): error C4430: отсутствует спецификатор типа - предполагается int. Примечание. C++ не поддерживает int по умолчанию
E:\Программирование\6 семестр Язык C++\Task 2\Task 2.5.1\MyRepository.cpp(97): error C2039: findNamespaceByName: не является членом "MyRepository"
  E:\Программирование\6 семестр Язык C++\Task 2\Task 2.5.1\MyRepository.h(7): note:  см. объявление "MyRepository"
E:\Программирование\6 семестр Язык C++\Task 2\Task 2.5.1\MyRepository.cpp(97): error C2039: string: не является членом "Element"
  E:\Программирование\6 семестр Язык C++\Task 2\Task 2.5.1\Element.h(8): note:  см. объявление "Element"
E:\Программирование\6 семестр Язык C++\Task 2\Task 2.5.1\MyRepository.cpp(97): error C2146: синтаксическая ошибка: отсутствие ")" перед идентификатором "name"
E:\Программирование\6 семестр Язык C++\Task 2\Task 2.5.1\MyRepository.cpp(98): error C2143: синтаксическая ошибка: отсутствие ";" перед "{"
E:\Программирование\6 семестр Язык C++\Task 2\Task 2.5.1\MyRepository.cpp(98): error C2447: {: отсутствует заголовок функции (возможно, используется формальный список старого типа)
E:\Программирование\6 семестр Язык C++\Task 2\Task 2.5.1\MyRepository.cpp(111): error C2039: exist: не является членом "MyRepository"
  E:\Программирование\6 семестр Язык C++\Task 2\Task 2.5.1\MyRepository.h(7): note:  см. объявление "MyRepository"
E:\Программирование\6 семестр Язык C++\Task 2\Task 2.5.1\MyRepository.cpp(111): error C2039: MyNamespace: не является членом "Element"
  E:\Программирование\6 семестр Язык C++\Task 2\Task 2.5.1\Element.h(8): note:  см. объявление "Element"
E:\Программирование\6 семестр Язык C++\Task 2\Task 2.5.1\MyRepository.cpp(111): error C2039: m: не является членом "Element"
  E:\Программирование\6 семестр Язык C++\Task 2\Task 2.5.1\Element.h(8): note:  см. объявление "Element"
E:\Программирование\6 семестр Язык C++\Task 2\Task 2.5.1\MyRepository.cpp(112): error C2448: exist: вероятно, инициализатор, использующий стиль функции, является определением функции
E:\Программирование\6 семестр Язык C++\Task 2\Task 2.5.1\MyRepository.cpp(126): error C2039: string: не является членом "Element"
  E:\Программирование\6 семестр Язык C++\Task 2\Task 2.5.1\Element.h(8): note:  см. объявление "Element"
E:\Программирование\6 семестр Язык C++\Task 2\Task 2.5.1\MyRepository.cpp(126): error C2146: синтаксическая ошибка: отсутствие ")" перед идентификатором "name"
E:\Программирование\6 семестр Язык C++\Task 2\Task 2.5.1\MyRepository.cpp(127): error C2143: синтаксическая ошибка: отсутствие ";" перед "{"
E:\Программирование\6 семестр Язык C++\Task 2\Task 2.5.1\MyRepository.cpp(127): error C2447: {: отсутствует заголовок функции (возможно, используется формальный список старого типа)
E:\Программирование\6 семестр Язык C++\Task 2\Task 2.5.1\MyRepository.cpp(134): error C2143: синтаксическая ошибка: отсутствие ";" перед "MyRepository::get_name"
E:\Программирование\6 семестр Язык C++\Task 2\Task 2.5.1\MyRepository.cpp(134): error C4430: отсутствует спецификатор типа - предполагается int. Примечание. C++ не поддерживает int по умолчанию
E:\Программирование\6 семестр Язык C++\Task 2\Task 2.5.1\MyRepository.cpp(135): error C4430: отсутствует спецификатор типа - предполагается int. Примечание. C++ не поддерживает int по умолчанию
E:\Программирование\6 семестр Язык C++\Task 2\Task 2.5.1\MyRepository.cpp(135): error C2556: int MyRepository::get_name(void): перегруженная функция отличается от "std::string MyRepository::get_name(void)" только возвращаемым типом
  E:\Программирование\6 семестр Язык C++\Task 2\Task 2.5.1\MyRepository.h(39): note:  см. объявление "MyRepository::get_name"
E:\Программирование\6 семестр Язык C++\Task 2\Task 2.5.1\MyRepository.cpp(134): error C2371: MyRepository::get_name: переопределение; различные базовые типы
  E:\Программирование\6 семестр Язык C++\Task 2\Task 2.5.1\MyRepository.h(39): note:  см. объявление "MyRepository::get_name"
E:\Программирование\6 семестр Язык C++\Task 2\Task 2.5.1\MyRepository.cpp(136): error C2597: недопустимая ссылка на нестатический член "Element::name"
E:\Программирование\6 семестр Язык C++\Task 2\Task 2.5.1\MyRepository.cpp(139): error C2039: string: не является членом "Element"
  E:\Программирование\6 семестр Язык C++\Task 2\Task 2.5.1\Element.h(8): note:  см. объявление "Element"
E:\Программирование\6 семестр Язык C++\Task 2\Task 2.5.1\MyRepository.cpp(139): error C2146: синтаксическая ошибка: отсутствие ")" перед идентификатором "name"
E:\Программирование\6 семестр Язык C++\Task 2\Task 2.5.1\MyRepository.cpp(140): error C2143: синтаксическая ошибка: отсутствие ";" перед "{"
E:\Программирование\6 семестр Язык C++\Task 2\Task 2.5.1\MyRepository.cpp(140): error C2447: {: отсутствует заголовок функции (возможно, используется формальный список старого типа)
E:\Программирование\6 семестр Язык C++\Task 2\Task 2.5.1\MyRepository.cpp(146): error C2039: printer: не является членом "MyRepository"
  E:\Программирование\6 семестр Язык C++\Task 2\Task 2.5.1\MyRepository.h(7): note:  см. объявление "MyRepository"
E:\Программирование\6 семестр Язык C++\Task 2\Task 2.5.1\MyRepository.cpp(148): error C2039: string: не является членом "Element"
  E:\Программирование\6 семестр Язык C++\Task 2\Task 2.5.1\Element.h(8): note:  см. объявление "Element"
E:\Программирование\6 семестр Язык C++\Task 2\Task 2.5.1\MyRepository.cpp(148): error C2146: синтаксическая ошибка: отсутствие ";" перед идентификатором "result"
E:\Программирование\6 семестр Язык C++\Task 2\Task 2.5.1\MyRepository.cpp(148): error C2039: result: не является членом "Element"
  E:\Программирование\6 семестр Язык C++\Task 2\Task 2.5.1\Element.h(8): note:  см. объявление "Element"
E:\Программирование\6 семестр Язык C++\Task 2\Task 2.5.1\MyRepository.cpp(149): error C2039: size: не является членом "Element"
  E:\Программирование\6 семестр Язык C++\Task 2\Task 2.5.1\Element.h(8): note:  см. объявление "Element"
E:\Программирование\6 семестр Язык C++\Task 2\Task 2.5.1\MyRepository.cpp(149): error C2039: myNamespaces: не является членом "Element"
  E:\Программирование\6 семестр Язык C++\Task 2\Task 2.5.1\Element.h(8): note:  см. объявление "Element"
E:\Программирование\6 семестр Язык C++\Task 2\Task 2.5.1\MyRepository.cpp(159): error C2065: result: необъявленный идентификатор
E:\Программирование\6 семестр Язык C++\Task 2\Task 2.5.1\MyRepository.cpp(160): error C2065: result: необъявленный идентификатор
E:\Программирование\6 семестр Язык C++\Task 2\Task 2.5.1\MyRepository.cpp(160): error C2065: myNamespaces: необъявленный идентификатор
E:\Программирование\6 семестр Язык C++\Task 2\Task 2.5.1\MyRepository.cpp(162): error C2065: result: необъявленный идентификатор
E:\Программирование\6 семестр Язык C++\Task 2\Task 2.5.1\MyRepository.cpp(167): error C2039: exist: не является членом "MyRepository"
  E:\Программирование\6 семестр Язык C++\Task 2\Task 2.5.1\MyRepository.h(7): note:  см. объявление "MyRepository"
E:\Программирование\6 семестр Язык C++\Task 2\Task 2.5.1\MyRepository.cpp(167): error C2872: string: неоднозначный символ
  E:\Программирование\6 семестр Язык C++\Task 2\Task 2.5.1\MyRepository.cpp(134): note: может быть "int string"
  C:\Program Files (x86)\Microsoft Visual Studio\2019\Community\VC\Tools\MSVC\14.20.27508\include\xstring(4167): note: или       "std::string"
E:\Программирование\6 семестр Язык C++\Task 2\Task 2.5.1\MyRepository.cpp(167): error C2146: синтаксическая ошибка: отсутствие ")" перед идентификатором "name"
E:\Программирование\6 семестр Язык C++\Task 2\Task 2.5.1\MyRepository.cpp(168): error C2143: синтаксическая ошибка: отсутствие ";" перед "{"
E:\Программирование\6 семестр Язык C++\Task 2\Task 2.5.1\MyRepository.cpp(168): error C2447: {: отсутствует заголовок функции (возможно, используется формальный список старого типа)
  Task 2.5.1.cpp
E:\Программирование\6 семестр Язык C++\Task 2\Task 2.5.1\MyMethod.h(6): error C2504: Container: не определен базовый класс
  Создание кода...
